mgmt_core_wrapper
----------------------------------------
Metal2 > 3um spacing to unrelated m2 < 0.28um (met2.3b)
----------------------------------------
 228.250um 13.400um 228.530um 13.445um
 228.250um 13.390um 228.530um 13.400um
 249.870um 13.400um 250.150um 13.445um
 249.870um 13.390um 250.150um 13.400um
 331.290um 13.400um 331.570um 13.445um
 331.290um 13.390um 331.570um 13.400um
 422.830um 13.400um 423.110um 13.445um
 422.830um 13.390um 423.110um 13.400um
 530.470um 13.400um 530.510um 13.445um
 530.470um 13.390um 530.510um 13.400um
 530.470um 13.400um 530.750um 13.445um
 530.470um 13.390um 530.750um 13.400um
 461.480um 746.340um 461.740um 746.450um
 461.480um 746.310um 461.740um 746.340um
 478.960um 746.340um 479.220um 746.450um
 478.960um 746.310um 479.220um 746.340um
 526.340um 746.340um 526.600um 746.450um
 526.340um 746.310um 526.600um 746.340um
 2218.280um 12.595um 2219.810um 12.650um
 2219.530um 12.595um 2219.810um 12.650um
----------------------------------------
[INFO]: COUNT: 20
[INFO]: Should be divided by 3 or 4

